[0.024s] Invoking command in '/home/nourhane/ros2_ws/src/robot_actions/build/robot_actions': CMAKE_PREFIX_PATH=${CMAKE_PREFIX_PATH}:/home/nourhane/turtlebot3_ws/install/turtlebot3_teleop:/home/nourhane/turtlebot3_ws/install/turtlebot3_example:/opt/ros/humble /usr/bin/cmake /home/nourhane/ros2_ws/src/robot_actions -DAMENT_CMAKE_SYMLINK_INSTALL=1 -DCMAKE_INSTALL_PREFIX=/home/nourhane/ros2_ws/src/robot_actions/install/robot_actions
[0.063s] -- Found ament_cmake: 1.3.11 (/opt/ros/humble/share/ament_cmake/cmake)
[0.253s] -- Override CMake install command with custom implementation using symlinks instead of copying resources
[0.308s] -- Found rosidl_default_generators: 1.2.0 (/opt/ros/humble/share/rosidl_default_generators/cmake)
[0.317s] -- Using all available rosidl_typesupport_c: rosidl_typesupport_fastrtps_c;rosidl_typesupport_introspection_c
[0.324s] -- Found rosidl_adapter: 3.1.6 (/opt/ros/humble/share/rosidl_adapter/cmake)
[0.416s] -- Using all available rosidl_typesupport_cpp: rosidl_typesupport_fastrtps_cpp;rosidl_typesupport_introspection_cpp
[0.483s] -- Found action_msgs: 1.2.1 (/opt/ros/humble/share/action_msgs/cmake)
[0.581s] -- Found std_msgs: 4.8.0 (/opt/ros/humble/share/std_msgs/cmake)
[0.605s] -- Found geometry_msgs: 4.8.0 (/opt/ros/humble/share/geometry_msgs/cmake)
[0.633s] -- Found ament_lint_auto: 0.12.12 (/opt/ros/humble/share/ament_lint_auto/cmake)
[1.096s] -- Found ament_cmake_ros: 0.10.0 (/opt/ros/humble/share/ament_cmake_ros/cmake)
[1.351s] -- Using all available rosidl_typesupport_c: rosidl_typesupport_fastrtps_c;rosidl_typesupport_introspection_c
[1.698s] -- Using all available rosidl_typesupport_cpp: rosidl_typesupport_fastrtps_cpp;rosidl_typesupport_introspection_cpp
[1.732s] -- Found python_cmake_module: 0.10.0 (/opt/ros/humble/share/python_cmake_module/cmake)
[1.765s] -- Using PYTHON_EXECUTABLE: /usr/bin/python3
[1.765s] -- Using PYTHON_INCLUDE_DIRS: /usr/include/python3.10
[1.765s] -- Using PYTHON_LIBRARIES: /usr/lib/x86_64-linux-gnu/libpython3.10.so
[1.952s] -- Added test 'cppcheck' to perform static code analysis on C / C++ code
[1.953s] -- Configured cppcheck include dirs: $<BUILD_INTERFACE:/home/nourhane/ros2_ws/src/robot_actions/build/robot_actions/rosidl_generator_c>;$<BUILD_INTERFACE:/home/nourhane/ros2_ws/src/robot_actions/build/robot_actions/rosidl_typesupport_fastrtps_c>;$<BUILD_INTERFACE:/home/nourhane/ros2_ws/src/robot_actions/build/robot_actions/rosidl_typesupport_introspection_c>;$<BUILD_INTERFACE:/home/nourhane/ros2_ws/src/robot_actions/build/robot_actions/rosidl_generator_cpp>;$<BUILD_INTERFACE:/home/nourhane/ros2_ws/src/robot_actions/build/robot_actions/rosidl_typesupport_fastrtps_cpp>;$<BUILD_INTERFACE:/home/nourhane/ros2_ws/src/robot_actions/build/robot_actions/rosidl_typesupport_introspection_cpp>;/home/nourhane/ros2_ws/src/robot_actions/build/robot_actions/rosidl_generator_c;/home/nourhane/ros2_ws/src/robot_actions/build/robot_actions/rosidl_generator_py
[1.953s] -- Configured cppcheck exclude dirs and/or files: 
[1.959s] -- Added test 'flake8' to check Python code syntax and style conventions
[1.970s] -- Added test 'lint_cmake' to check CMake code style
[1.975s] -- Added test 'pep257' to check Python code against some of the docstring style conventions in PEP 257
[2.008s] -- Added test 'uncrustify' to check C / C++ code style
[2.008s] -- Configured uncrustify additional arguments: 
[2.015s] -- Added test 'xmllint' to check XML markup files
[2.035s] -- Configuring done
[2.115s] -- Generating done
[2.132s] -- Build files have been written to: /home/nourhane/ros2_ws/src/robot_actions/build/robot_actions
[2.143s] Invoked command in '/home/nourhane/ros2_ws/src/robot_actions/build/robot_actions' returned '0': CMAKE_PREFIX_PATH=${CMAKE_PREFIX_PATH}:/home/nourhane/turtlebot3_ws/install/turtlebot3_teleop:/home/nourhane/turtlebot3_ws/install/turtlebot3_example:/opt/ros/humble /usr/bin/cmake /home/nourhane/ros2_ws/src/robot_actions -DAMENT_CMAKE_SYMLINK_INSTALL=1 -DCMAKE_INSTALL_PREFIX=/home/nourhane/ros2_ws/src/robot_actions/install/robot_actions
[2.144s] Invoking command in '/home/nourhane/ros2_ws/src/robot_actions/build/robot_actions': CMAKE_PREFIX_PATH=${CMAKE_PREFIX_PATH}:/home/nourhane/turtlebot3_ws/install/turtlebot3_teleop:/home/nourhane/turtlebot3_ws/install/turtlebot3_example:/opt/ros/humble /usr/bin/cmake --build /home/nourhane/ros2_ws/src/robot_actions/build/robot_actions -- -j4 -l4
[2.214s] [  1%] [34m[1mGenerating C++ code for ROS interfaces[0m
[3.744s] [  1%] Built target robot_actions__cpp
[3.771s] failed to create symbolic link '/home/nourhane/ros2_ws/src/robot_actions/build/robot_actions/ament_cmake_python/robot_actions/robot_actions' because existing path cannot be removed: Is a directory
[3.772s] gmake[2]: *** [CMakeFiles/ament_cmake_python_symlink_robot_actions.dir/build.make:70: CMakeFiles/ament_cmake_python_symlink_robot_actions] Error 1
[3.772s] gmake[1]: *** [CMakeFiles/Makefile2:421: CMakeFiles/ament_cmake_python_symlink_robot_actions.dir/all] Error 2
[3.772s] gmake: *** [Makefile:146: all] Error 2
[3.776s] Invoked command in '/home/nourhane/ros2_ws/src/robot_actions/build/robot_actions' returned '2': CMAKE_PREFIX_PATH=${CMAKE_PREFIX_PATH}:/home/nourhane/turtlebot3_ws/install/turtlebot3_teleop:/home/nourhane/turtlebot3_ws/install/turtlebot3_example:/opt/ros/humble /usr/bin/cmake --build /home/nourhane/ros2_ws/src/robot_actions/build/robot_actions -- -j4 -l4
